This file contains any messages produced by compilers while
running configure, to aid debugging if configure makes a mistake.

It was created by PCRE configure 7.4, which was
generated by GNU Autoconf 2.61.  Invocation command line was

  $ ./configure 

## --------- ##
## Platform. ##
## --------- ##

hostname = frodo
uname -m = i686
uname -r = 2.4.21-50.ELsmp
uname -s = Linux
uname -v = #1 SMP Tue May 8 17:18:29 EDT 2007

/usr/bin/uname -p = unknown
/bin/uname -X     = unknown

/bin/arch              = i686
/usr/bin/arch -k       = unknown
/usr/convex/getsysinfo = unknown
/usr/bin/hostinfo      = unknown
/bin/machine           = unknown
/usr/bin/oslevel       = unknown
/bin/universe          = unknown

PATH: /users/mmoser/bin
PATH: .
PATH: /usr/local/bin
PATH: /users/mmoser/bin
PATH: /home/oracle/orahome/bin
PATH: /usr/local/bin
PATH: /bin
PATH: /usr/bin
PATH: /usr/X11R6/bin
PATH: ../bin
PATH: /opt/CA/UnicenterNSM/atech/services/bin
PATH: /opt/CA/UnicenterNSM/atech/services/tools
PATH: /opt/CA/UnicenterNSM/atech/agents/bin
PATH: /opt/ibm/director/bin
PATH: /usr/bin/X11
PATH: /usr/contrib/bin/X11
PATH: /users/bin
PATH: .
PATH: /usr/softbench/bin
PATH: /etc
PATH: /opt/gcc/2.7.2/bin
PATH: /opt/tcl/bin/usr/atria/bin


## ----------- ##
## Core tests. ##
## ----------- ##

configure:2023: checking for a BSD-compatible install
configure:2079: result: /usr/bin/install -c
configure:2090: checking whether build environment is sane
configure:2133: result: yes
configure:2161: checking for a thread-safe mkdir -p
configure:2200: result: /bin/mkdir -p
configure:2213: checking for gawk
configure:2229: found /bin/gawk
configure:2240: result: gawk
configure:2251: checking whether make sets $(MAKE)
configure:2272: result: yes
configure:2524: checking for gcc
configure:2540: found /usr/bin/gcc
configure:2551: result: gcc
configure:2789: checking for C compiler version
configure:2796: gcc --version >&5
gcc (GCC) 3.2.3 20030502 (Red Hat Linux 3.2.3-59)
Copyright (C) 2002 Free Software Foundation, Inc.
This is free software; see the source for copying conditions.  There is NO
warranty; not even for MERCHANTABILITY or FITNESS FOR A PARTICULAR PURPOSE.

configure:2799: $? = 0
configure:2806: gcc -v >&5
Reading specs from /usr/lib/gcc-lib/i386-redhat-linux/3.2.3/specs
Configured with: ../configure --prefix=/usr --mandir=/usr/share/man --infodir=/usr/share/info --enable-shared --enable-threads=posix --disable-checking --with-system-zlib --enable-__cxa_atexit --host=i386-redhat-linux
Thread model: posix
gcc version 3.2.3 20030502 (Red Hat Linux 3.2.3-59)
configure:2809: $? = 0
configure:2816: gcc -V >&5
gcc: argument to `-V' is missing
configure:2819: $? = 1
configure:2842: checking for C compiler default output file name
configure:2869: gcc    conftest.c  >&5
configure:2872: $? = 0
configure:2910: result: a.out
configure:2927: checking whether the C compiler works
configure:2937: ./a.out
configure:2940: $? = 0
configure:2957: result: yes
configure:2964: checking whether we are cross compiling
configure:2966: result: no
configure:2969: checking for suffix of executables
configure:2976: gcc -o conftest    conftest.c  >&5
configure:2979: $? = 0
configure:3003: result: 
configure:3009: checking for suffix of object files
configure:3035: gcc -c   conftest.c >&5
configure:3038: $? = 0
configure:3061: result: o
configure:3065: checking whether we are using the GNU C compiler
configure:3094: gcc -c   conftest.c >&5
configure:3100: $? = 0
configure:3117: result: yes
configure:3122: checking whether gcc accepts -g
configure:3152: gcc -c -g  conftest.c >&5
configure:3158: $? = 0
configure:3257: result: yes
configure:3274: checking for gcc option to accept ISO C89
configure:3348: gcc  -c -g -O2  conftest.c >&5
configure:3354: $? = 0
configure:3377: result: none needed
configure:3406: checking for style of include used by make
configure:3434: result: GNU
configure:3459: checking dependency style of gcc
configure:3550: result: gcc3
configure:3623: checking for g++
configure:3639: found /usr/bin/g++
configure:3650: result: g++
configure:3681: checking for C++ compiler version
configure:3688: g++ --version >&5
g++ (GCC) 3.2.3 20030502 (Red Hat Linux 3.2.3-59)
Copyright (C) 2002 Free Software Foundation, Inc.
This is free software; see the source for copying conditions.  There is NO
warranty; not even for MERCHANTABILITY or FITNESS FOR A PARTICULAR PURPOSE.

configure:3691: $? = 0
configure:3698: g++ -v >&5
Reading specs from /usr/lib/gcc-lib/i386-redhat-linux/3.2.3/specs
Configured with: ../configure --prefix=/usr --mandir=/usr/share/man --infodir=/usr/share/info --enable-shared --enable-threads=posix --disable-checking --with-system-zlib --enable-__cxa_atexit --host=i386-redhat-linux
Thread model: posix
gcc version 3.2.3 20030502 (Red Hat Linux 3.2.3-59)
configure:3701: $? = 0
configure:3708: g++ -V >&5
g++: argument to `-V' missing

configure:3711: $? = 1
configure:3714: checking whether we are using the GNU C++ compiler
configure:3743: g++ -c   conftest.cpp >&5
configure:3749: $? = 0
configure:3766: result: yes
configure:3771: checking whether g++ accepts -g
configure:3801: g++ -c -g  conftest.cpp >&5
configure:3807: $? = 0
configure:3906: result: yes
configure:3931: checking dependency style of g++
configure:4022: result: gcc3
configure:4074: checking for a BSD-compatible install
configure:4130: result: /usr/bin/install -c
configure:4221: checking build system type
configure:4239: result: i686-pc-linux-gnu
configure:4261: checking host system type
configure:4276: result: i686-pc-linux-gnu
configure:4298: checking for a sed that does not truncate output
configure:4354: result: /bin/sed
configure:4357: checking for grep that handles long lines and -e
configure:4431: result: /bin/grep
configure:4436: checking for egrep
configure:4514: result: /bin/grep -E
configure:4530: checking for ld used by gcc
configure:4597: result: /usr/bin/ld
configure:4606: checking if the linker (/usr/bin/ld) is GNU ld
configure:4621: result: yes
configure:4626: checking for /usr/bin/ld option to reload object files
configure:4633: result: -r
configure:4651: checking for BSD-compatible nm
configure:4700: result: /usr/bin/nm -B
configure:4704: checking whether ln -s works
configure:4708: result: yes
configure:4715: checking how to recognize dependent libraries
configure:4901: result: pass_all
configure:5432: checking how to run the C preprocessor
configure:5472: gcc -E  conftest.c
configure:5478: $? = 0
configure:5509: gcc -E  conftest.c
conftest.c:10:28: ac_nonexistent.h: No such file or directory
configure:5515: $? = 1
configure: failed program was:
| /* confdefs.h.  */
| #define PACKAGE_NAME "PCRE"
| #define PACKAGE_TARNAME "pcre"
| #define PACKAGE_VERSION "7.4"
| #define PACKAGE_STRING "PCRE 7.4"
| #define PACKAGE_BUGREPORT ""
| #define PACKAGE "pcre"
| #define VERSION "7.4"
| /* end confdefs.h.  */
| #include <ac_nonexistent.h>
configure:5548: result: gcc -E
configure:5577: gcc -E  conftest.c
configure:5583: $? = 0
configure:5614: gcc -E  conftest.c
conftest.c:10:28: ac_nonexistent.h: No such file or directory
configure:5620: $? = 1
configure: failed program was:
| /* confdefs.h.  */
| #define PACKAGE_NAME "PCRE"
| #define PACKAGE_TARNAME "pcre"
| #define PACKAGE_VERSION "7.4"
| #define PACKAGE_STRING "PCRE 7.4"
| #define PACKAGE_BUGREPORT ""
| #define PACKAGE "pcre"
| #define VERSION "7.4"
| /* end confdefs.h.  */
| #include <ac_nonexistent.h>
configure:5658: checking for ANSI C header files
configure:5688: gcc -c -O2  conftest.c >&5
configure:5694: $? = 0
configure:5790: gcc -o conftest -O2   conftest.c  >&5
configure:5793: $? = 0
configure:5799: ./conftest
configure:5802: $? = 0
configure:5819: result: yes
configure:5843: checking for sys/types.h
configure:5864: gcc -c -O2  conftest.c >&5
configure:5870: $? = 0
configure:5886: result: yes
configure:5843: checking for sys/stat.h
configure:5864: gcc -c -O2  conftest.c >&5
configure:5870: $? = 0
configure:5886: result: yes
configure:5843: checking for stdlib.h
configure:5864: gcc -c -O2  conftest.c >&5
configure:5870: $? = 0
configure:5886: result: yes
configure:5843: checking for string.h
configure:5864: gcc -c -O2  conftest.c >&5
configure:5870: $? = 0
configure:5886: result: yes
configure:5843: checking for memory.h
configure:5864: gcc -c -O2  conftest.c >&5
configure:5870: $? = 0
configure:5886: result: yes
configure:5843: checking for strings.h
configure:5864: gcc -c -O2  conftest.c >&5
configure:5870: $? = 0
configure:5886: result: yes
configure:5843: checking for inttypes.h
configure:5864: gcc -c -O2  conftest.c >&5
configure:5870: $? = 0
configure:5886: result: yes
configure:5843: checking for stdint.h
configure:5864: gcc -c -O2  conftest.c >&5
configure:5870: $? = 0
configure:5886: result: yes
configure:5843: checking for unistd.h
configure:5864: gcc -c -O2  conftest.c >&5
configure:5870: $? = 0
configure:5886: result: yes
configure:5913: checking dlfcn.h usability
configure:5930: gcc -c -O2  conftest.c >&5
configure:5936: $? = 0
configure:5950: result: yes
configure:5954: checking dlfcn.h presence
configure:5969: gcc -E  conftest.c
configure:5975: $? = 0
configure:5989: result: yes
configure:6017: checking for dlfcn.h
configure:6025: result: yes
configure:6048: checking how to run the C++ preprocessor
configure:6084: g++ -E  conftest.cpp
configure:6090: $? = 0
configure:6121: g++ -E  conftest.cpp
conftest.cpp:21:28: ac_nonexistent.h: No such file or directory
configure:6127: $? = 1
configure: failed program was:
| /* confdefs.h.  */
| #define PACKAGE_NAME "PCRE"
| #define PACKAGE_TARNAME "pcre"
| #define PACKAGE_VERSION "7.4"
| #define PACKAGE_STRING "PCRE 7.4"
| #define PACKAGE_BUGREPORT ""
| #define PACKAGE "pcre"
| #define VERSION "7.4"
| #define STDC_HEADERS 1
| #define HAVE_SYS_TYPES_H 1
| #define HAVE_SYS_STAT_H 1
| #define HAVE_STDLIB_H 1
| #define HAVE_STRING_H 1
| #define HAVE_MEMORY_H 1
| #define HAVE_STRINGS_H 1
| #define HAVE_INTTYPES_H 1
| #define HAVE_STDINT_H 1
| #define HAVE_UNISTD_H 1
| #define HAVE_DLFCN_H 1
| /* end confdefs.h.  */
| #include <ac_nonexistent.h>
configure:6160: result: g++ -E
configure:6189: g++ -E  conftest.cpp
configure:6195: $? = 0
configure:6226: g++ -E  conftest.cpp
conftest.cpp:21:28: ac_nonexistent.h: No such file or directory
configure:6232: $? = 1
configure: failed program was:
| /* confdefs.h.  */
| #define PACKAGE_NAME "PCRE"
| #define PACKAGE_TARNAME "pcre"
| #define PACKAGE_VERSION "7.4"
| #define PACKAGE_STRING "PCRE 7.4"
| #define PACKAGE_BUGREPORT ""
| #define PACKAGE "pcre"
| #define VERSION "7.4"
| #define STDC_HEADERS 1
| #define HAVE_SYS_TYPES_H 1
| #define HAVE_SYS_STAT_H 1
| #define HAVE_STDLIB_H 1
| #define HAVE_STRING_H 1
| #define HAVE_MEMORY_H 1
| #define HAVE_STRINGS_H 1
| #define HAVE_INTTYPES_H 1
| #define HAVE_STDINT_H 1
| #define HAVE_UNISTD_H 1
| #define HAVE_DLFCN_H 1
| /* end confdefs.h.  */
| #include <ac_nonexistent.h>
configure:6325: checking for g77
configure:6341: found /usr/bin/g77
configure:6352: result: g77
configure:6382: checking for Fortran 77 compiler version
configure:6389: g77 --version >&5
GNU Fortran (GCC 3.2.3 20030502 (Red Hat Linux 3.2.3-59)) 3.2.3 20030502 (Red Hat Linux 3.2.3-59)
Copyright (C) 2002 Free Software Foundation, Inc.

GNU Fortran comes with NO WARRANTY, to the extent permitted by law.
You may redistribute copies of GNU Fortran
under the terms of the GNU General Public License.
For more information about these matters, see the file named COPYING
or type the command `info -f g77 Copying'.
configure:6392: $? = 0
configure:6399: g77 -v >&5
Reading specs from /usr/lib/gcc-lib/i386-redhat-linux/3.2.3/specs
Configured with: ../configure --prefix=/usr --mandir=/usr/share/man --infodir=/usr/share/info --enable-shared --enable-threads=posix --disable-checking --with-system-zlib --enable-__cxa_atexit --host=i386-redhat-linux
Thread model: posix
gcc version 3.2.3 20030502 (Red Hat Linux 3.2.3-59)
configure:6402: $? = 0
configure:6409: g77 -V >&5
g77: argument to `-V' missing
configure:6412: $? = 1
configure:6420: checking whether we are using the GNU Fortran 77 compiler
configure:6439: g77 -c  conftest.F >&5
configure:6445: $? = 0
configure:6462: result: yes
configure:6468: checking whether g77 accepts -g
configure:6485: g77 -c -g conftest.f >&5
configure:6491: $? = 0
configure:6507: result: yes
configure:6537: checking the maximum length of command line arguments
configure:6646: result: 32768
configure:6658: checking command to parse /usr/bin/nm -B output from gcc object
configure:6763: gcc -c -O2  conftest.c >&5
configure:6766: $? = 0
configure:6770: /usr/bin/nm -B conftest.o \| sed -n -e 's/^.*[ 	]\([ABCDGIRSTW][ABCDGIRSTW]*\)[ 	][ 	]*\([_A-Za-z][_A-Za-z0-9]*\)$/\1 \2 \2/p' \> conftest.nm
configure:6773: $? = 0
configure:6825: gcc -o conftest -O2   conftest.c conftstm.o >&5
configure:6828: $? = 0
configure:6866: result: ok
configure:6870: checking for objdir
configure:6885: result: .libs
configure:6977: checking for ar
configure:6993: found /usr/bin/ar
configure:7004: result: ar
configure:7073: checking for ranlib
configure:7089: found /usr/bin/ranlib
configure:7100: result: ranlib
configure:7169: checking for strip
configure:7185: found /usr/bin/strip
configure:7196: result: strip
configure:7433: checking for correct ltmain.sh version
configure:7483: result: yes
configure:7543: checking if gcc supports -fno-rtti -fno-exceptions
configure:7564: gcc -c -O2  -fno-rtti -fno-exceptions conftest.c >&5
configure:7568: $? = 0
configure:7578: result: yes
configure:7593: checking for gcc option to produce PIC
configure:7825: result: -fPIC
configure:7833: checking if gcc PIC flag -fPIC works
configure:7854: gcc -c -O2  -fPIC -DPIC conftest.c >&5
configure:7858: $? = 0
configure:7868: result: yes
configure:7896: checking if gcc static flag -static works
configure:7924: result: yes
configure:7934: checking if gcc supports -c -o file.o
configure:7958: gcc -c -O2  -o out/conftest2.o conftest.c >&5
configure:7962: $? = 0
configure:7981: result: yes
configure:8007: checking whether the gcc linker (/usr/bin/ld) supports shared libraries
configure:8983: result: yes
configure:9004: checking whether -lc should be explicitly linked in
configure:9009: gcc -c -O2  conftest.c >&5
configure:9012: $? = 0
configure:9027: gcc -shared conftest.o  -v -Wl,-soname -Wl,conftest -o conftest 2\>\&1 \| grep  -lc  \>/dev/null 2\>\&1
configure:9030: $? = 0
configure:9042: result: no
configure:9050: checking dynamic linker characteristics
configure:9665: result: GNU/Linux ld.so
configure:9674: checking how to hardcode library paths into programs
configure:9699: result: immediate
configure:9713: checking whether stripping libraries is possible
configure:9718: result: yes
configure:10520: checking if libtool supports shared libraries
configure:10522: result: yes
configure:10525: checking whether to build shared libraries
configure:10546: result: yes
configure:10549: checking whether to build static libraries
configure:10553: result: yes
configure:10645: creating libtool
configure:11233: checking for ld used by g++
configure:11300: result: /usr/bin/ld
configure:11309: checking if the linker (/usr/bin/ld) is GNU ld
configure:11324: result: yes
configure:11375: checking whether the g++ linker (/usr/bin/ld) supports shared libraries
configure:12345: result: yes
configure:12363: g++ -c -O2  conftest.cpp >&5
configure:12366: $? = 0
configure:12518: checking for g++ option to produce PIC
configure:12802: result: -fPIC
configure:12810: checking if g++ PIC flag -fPIC works
configure:12831: g++ -c -O2  -fPIC -DPIC conftest.cpp >&5
configure:12835: $? = 0
configure:12845: result: yes
configure:12873: checking if g++ static flag -static works
configure:12901: result: yes
configure:12911: checking if g++ supports -c -o file.o
configure:12935: g++ -c -O2  -o out/conftest2.o conftest.cpp >&5
configure:12939: $? = 0
configure:12958: result: yes
configure:12984: checking whether the g++ linker (/usr/bin/ld) supports shared libraries
configure:13009: result: yes
configure:13076: checking dynamic linker characteristics
configure:13639: result: GNU/Linux ld.so
configure:13648: checking how to hardcode library paths into programs
configure:13673: result: immediate
configure:14206: checking if libtool supports shared libraries
configure:14208: result: yes
configure:14211: checking whether to build shared libraries
configure:14231: result: yes
configure:14234: checking whether to build static libraries
configure:14238: result: yes
configure:14248: checking for g77 option to produce PIC
configure:14480: result: -fPIC
configure:14488: checking if g77 PIC flag -fPIC works
configure:14509: g77 -c -g -O2 -fPIC conftest.f >&5
configure:14513: $? = 0
configure:14523: result: yes
configure:14551: checking if g77 static flag -static works
configure:14579: result: yes
configure:14589: checking if g77 supports -c -o file.o
configure:14613: g77 -c -g -O2 -o out/conftest2.o conftest.f >&5
configure:14617: $? = 0
configure:14636: result: yes
configure:14662: checking whether the g77 linker (/usr/bin/ld) supports shared libraries
configure:15618: result: yes
configure:15685: checking dynamic linker characteristics
configure:16248: result: GNU/Linux ld.so
configure:16257: checking how to hardcode library paths into programs
configure:16282: result: immediate
configure:19858: checking whether ln -s works
configure:19862: result: yes
configure:20081: checking for ANSI C header files
configure:20242: result: yes
configure:20271: checking limits.h usability
configure:20288: gcc -c -O2  conftest.c >&5
configure:20294: $? = 0
configure:20308: result: yes
configure:20312: checking limits.h presence
configure:20327: gcc -E  conftest.c
configure:20333: $? = 0
configure:20347: result: yes
configure:20375: checking for limits.h
configure:20383: result: yes
configure:20261: checking for sys/types.h
configure:20267: result: yes
configure:20261: checking for sys/stat.h
configure:20267: result: yes
configure:20271: checking dirent.h usability
configure:20288: gcc -c -O2  conftest.c >&5
configure:20294: $? = 0
configure:20308: result: yes
configure:20312: checking dirent.h presence
configure:20327: gcc -E  conftest.c
configure:20333: $? = 0
configure:20347: result: yes
configure:20375: checking for dirent.h
configure:20383: result: yes
configure:20271: checking windows.h usability
configure:20288: gcc -c -O2  conftest.c >&5
conftest.c:59:21: windows.h: No such file or directory
configure:20294: $? = 1
configure: failed program was:
| /* confdefs.h.  */
| #define PACKAGE_NAME "PCRE"
| #define PACKAGE_TARNAME "pcre"
| #define PACKAGE_VERSION "7.4"
| #define PACKAGE_STRING "PCRE 7.4"
| #define PACKAGE_BUGREPORT ""
| #define PACKAGE "pcre"
| #define VERSION "7.4"
| #define STDC_HEADERS 1
| #define HAVE_SYS_TYPES_H 1
| #define HAVE_SYS_STAT_H 1
| #define HAVE_STDLIB_H 1
| #define HAVE_STRING_H 1
| #define HAVE_MEMORY_H 1
| #define HAVE_STRINGS_H 1
| #define HAVE_INTTYPES_H 1
| #define HAVE_STDINT_H 1
| #define HAVE_UNISTD_H 1
| #define HAVE_DLFCN_H 1
| #define STDC_HEADERS 1
| #define HAVE_LIMITS_H 1
| #define HAVE_SYS_TYPES_H 1
| #define HAVE_SYS_STAT_H 1
| #define HAVE_DIRENT_H 1
| /* end confdefs.h.  */
| #include <stdio.h>
| #ifdef HAVE_SYS_TYPES_H
| # include <sys/types.h>
| #endif
| #ifdef HAVE_SYS_STAT_H
| # include <sys/stat.h>
| #endif
| #ifdef STDC_HEADERS
| # include <stdlib.h>
| # include <stddef.h>
| #else
| # ifdef HAVE_STDLIB_H
| #  include <stdlib.h>
| # endif
| #endif
| #ifdef HAVE_STRING_H
| # if !defined STDC_HEADERS && defined HAVE_MEMORY_H
| #  include <memory.h>
| # endif
| # include <string.h>
| #endif
| #ifdef HAVE_STRINGS_H
| # include <strings.h>
| #endif
| #ifdef HAVE_INTTYPES_H
| # include <inttypes.h>
| #endif
| #ifdef HAVE_STDINT_H
| # include <stdint.h>
| #endif
| #ifdef HAVE_UNISTD_H
| # include <unistd.h>
| #endif
| #include <windows.h>
configure:20308: result: no
configure:20312: checking windows.h presence
configure:20327: gcc -E  conftest.c
conftest.c:26:21: windows.h: No such file or directory
configure:20333: $? = 1
configure: failed program was:
| /* confdefs.h.  */
| #define PACKAGE_NAME "PCRE"
| #define PACKAGE_TARNAME "pcre"
| #define PACKAGE_VERSION "7.4"
| #define PACKAGE_STRING "PCRE 7.4"
| #define PACKAGE_BUGREPORT ""
| #define PACKAGE "pcre"
| #define VERSION "7.4"
| #define STDC_HEADERS 1
| #define HAVE_SYS_TYPES_H 1
| #define HAVE_SYS_STAT_H 1
| #define HAVE_STDLIB_H 1
| #define HAVE_STRING_H 1
| #define HAVE_MEMORY_H 1
| #define HAVE_STRINGS_H 1
| #define HAVE_INTTYPES_H 1
| #define HAVE_STDINT_H 1
| #define HAVE_UNISTD_H 1
| #define HAVE_DLFCN_H 1
| #define STDC_HEADERS 1
| #define HAVE_LIMITS_H 1
| #define HAVE_SYS_TYPES_H 1
| #define HAVE_SYS_STAT_H 1
| #define HAVE_DIRENT_H 1
| /* end confdefs.h.  */
| #include <windows.h>
configure:20347: result: no
configure:20375: checking for windows.h
configure:20383: result: no
configure:20428: checking string usability
configure:20445: g++ -c -O2  conftest.cpp >&5
configure:20451: $? = 0
configure:20465: result: yes
configure:20469: checking string presence
configure:20484: g++ -E  conftest.cpp
configure:20490: $? = 0
configure:20504: result: yes
configure:20532: checking for string
configure:20540: result: yes
configure:20570: checking bits/type_traits.h usability
configure:20587: g++ -c -O2  conftest.cpp >&5
configure:20593: $? = 0
configure:20607: result: yes
configure:20611: checking bits/type_traits.h presence
configure:20626: g++ -E  conftest.cpp
configure:20632: $? = 0
configure:20646: result: yes
configure:20674: checking for bits/type_traits.h
configure:20682: result: yes
configure:20712: checking type_traits.h usability
configure:20729: g++ -c -O2  conftest.cpp >&5
conftest.cpp:61:25: type_traits.h: No such file or directory
configure:20735: $? = 1
configure: failed program was:
| /* confdefs.h.  */
| #define PACKAGE_NAME "PCRE"
| #define PACKAGE_TARNAME "pcre"
| #define PACKAGE_VERSION "7.4"
| #define PACKAGE_STRING "PCRE 7.4"
| #define PACKAGE_BUGREPORT ""
| #define PACKAGE "pcre"
| #define VERSION "7.4"
| #define STDC_HEADERS 1
| #define HAVE_SYS_TYPES_H 1
| #define HAVE_SYS_STAT_H 1
| #define HAVE_STDLIB_H 1
| #define HAVE_STRING_H 1
| #define HAVE_MEMORY_H 1
| #define HAVE_STRINGS_H 1
| #define HAVE_INTTYPES_H 1
| #define HAVE_STDINT_H 1
| #define HAVE_UNISTD_H 1
| #define HAVE_DLFCN_H 1
| #define STDC_HEADERS 1
| #define HAVE_LIMITS_H 1
| #define HAVE_SYS_TYPES_H 1
| #define HAVE_SYS_STAT_H 1
| #define HAVE_DIRENT_H 1
| #define HAVE_STRING 1
| #define HAVE_BITS_TYPE_TRAITS_H 1
| /* end confdefs.h.  */
| #include <stdio.h>
| #ifdef HAVE_SYS_TYPES_H
| # include <sys/types.h>
| #endif
| #ifdef HAVE_SYS_STAT_H
| # include <sys/stat.h>
| #endif
| #ifdef STDC_HEADERS
| # include <stdlib.h>
| # include <stddef.h>
| #else
| # ifdef HAVE_STDLIB_H
| #  include <stdlib.h>
| # endif
| #endif
| #ifdef HAVE_STRING_H
| # if !defined STDC_HEADERS && defined HAVE_MEMORY_H
| #  include <memory.h>
| # endif
| # include <string.h>
| #endif
| #ifdef HAVE_STRINGS_H
| # include <strings.h>
| #endif
| #ifdef HAVE_INTTYPES_H
| # include <inttypes.h>
| #endif
| #ifdef HAVE_STDINT_H
| # include <stdint.h>
| #endif
| #ifdef HAVE_UNISTD_H
| # include <unistd.h>
| #endif
| #include <type_traits.h>
configure:20749: result: no
configure:20753: checking type_traits.h presence
configure:20768: g++ -E  conftest.cpp
conftest.cpp:28:25: type_traits.h: No such file or directory
configure:20774: $? = 1
configure: failed program was:
| /* confdefs.h.  */
| #define PACKAGE_NAME "PCRE"
| #define PACKAGE_TARNAME "pcre"
| #define PACKAGE_VERSION "7.4"
| #define PACKAGE_STRING "PCRE 7.4"
| #define PACKAGE_BUGREPORT ""
| #define PACKAGE "pcre"
| #define VERSION "7.4"
| #define STDC_HEADERS 1
| #define HAVE_SYS_TYPES_H 1
| #define HAVE_SYS_STAT_H 1
| #define HAVE_STDLIB_H 1
| #define HAVE_STRING_H 1
| #define HAVE_MEMORY_H 1
| #define HAVE_STRINGS_H 1
| #define HAVE_INTTYPES_H 1
| #define HAVE_STDINT_H 1
| #define HAVE_UNISTD_H 1
| #define HAVE_DLFCN_H 1
| #define STDC_HEADERS 1
| #define HAVE_LIMITS_H 1
| #define HAVE_SYS_TYPES_H 1
| #define HAVE_SYS_STAT_H 1
| #define HAVE_DIRENT_H 1
| #define HAVE_STRING 1
| #define HAVE_BITS_TYPE_TRAITS_H 1
| /* end confdefs.h.  */
| #include <type_traits.h>
configure:20788: result: no
configure:20816: checking for type_traits.h
configure:20824: result: no
configure:20870: checking for an ANSI C-conforming const
configure:20945: gcc -c -O2  conftest.c >&5
configure:20951: $? = 0
configure:20966: result: yes
configure:20976: checking for size_t
configure:21006: gcc -c -O2  conftest.c >&5
configure:21012: $? = 0
configure:21027: result: yes
configure:21040: checking for long long
configure:21070: gcc -c -O2  conftest.c >&5
configure:21076: $? = 0
configure:21091: result: yes
configure:21104: checking for unsigned long long
configure:21134: gcc -c -O2  conftest.c >&5
configure:21140: $? = 0
configure:21155: result: yes
configure:21182: checking for bcopy
configure:21238: gcc -o conftest -O2   conftest.c  >&5
conftest.c:53: warning: conflicting types for built-in function `bcopy'
configure:21244: $? = 0
configure:21262: result: yes
configure:21182: checking for memmove
configure:21238: gcc -o conftest -O2   conftest.c  >&5
conftest.c:54: warning: conflicting types for built-in function `memmove'
configure:21244: $? = 0
configure:21262: result: yes
configure:21182: checking for strerror
configure:21238: gcc -o conftest -O2   conftest.c  >&5
configure:21244: $? = 0
configure:21262: result: yes
configure:21182: checking for strtoq
configure:21238: gcc -o conftest -O2   conftest.c  >&5
configure:21244: $? = 0
configure:21262: result: yes
configure:21182: checking for strtoll
configure:21238: gcc -o conftest -O2   conftest.c  >&5
configure:21244: $? = 0
configure:21262: result: yes
configure:21182: checking for _strtoi64
configure:21238: gcc -o conftest -O2   conftest.c  >&5
/tmp/ccYcE0DM.o(.text+0xa): In function `main':
: undefined reference to `_strtoi64'
collect2: ld returned 1 exit status
configure:21244: $? = 1
configure: failed program was:
| /* confdefs.h.  */
| #define PACKAGE_NAME "PCRE"
| #define PACKAGE_TARNAME "pcre"
| #define PACKAGE_VERSION "7.4"
| #define PACKAGE_STRING "PCRE 7.4"
| #define PACKAGE_BUGREPORT ""
| #define PACKAGE "pcre"
| #define VERSION "7.4"
| #define STDC_HEADERS 1
| #define HAVE_SYS_TYPES_H 1
| #define HAVE_SYS_STAT_H 1
| #define HAVE_STDLIB_H 1
| #define HAVE_STRING_H 1
| #define HAVE_MEMORY_H 1
| #define HAVE_STRINGS_H 1
| #define HAVE_INTTYPES_H 1
| #define HAVE_STDINT_H 1
| #define HAVE_UNISTD_H 1
| #define HAVE_DLFCN_H 1
| #define STDC_HEADERS 1
| #define HAVE_LIMITS_H 1
| #define HAVE_SYS_TYPES_H 1
| #define HAVE_SYS_STAT_H 1
| #define HAVE_DIRENT_H 1
| #define HAVE_STRING 1
| #define HAVE_BITS_TYPE_TRAITS_H 1
| #define HAVE_LONG_LONG 1
| #define HAVE_UNSIGNED_LONG_LONG 1
| #define HAVE_BCOPY 1
| #define HAVE_MEMMOVE 1
| #define HAVE_STRERROR 1
| #define HAVE_STRTOQ 1
| #define HAVE_STRTOLL 1
| /* end confdefs.h.  */
| /* Define _strtoi64 to an innocuous variant, in case <limits.h> declares _strtoi64.
|    For example, HP-UX 11i <limits.h> declares gettimeofday.  */
| #define _strtoi64 innocuous__strtoi64
| 
| /* System header to define __stub macros and hopefully few prototypes,
|     which can conflict with char _strtoi64 (); below.
|     Prefer <limits.h> to <assert.h> if __STDC__ is defined, since
|     <limits.h> exists even on freestanding compilers.  */
| 
| #ifdef __STDC__
| # include <limits.h>
| #else
| # include <assert.h>
| #endif
| 
| #undef _strtoi64
| 
| /* Override any GCC internal prototype to avoid an error.
|    Use char because int might match the return type of a GCC
|    builtin and then its argument prototype would still apply.  */
| #ifdef __cplusplus
| extern "C"
| #endif
| char _strtoi64 ();
| /* The GNU C library defines this for functions which it implements
|     to always fail with ENOSYS.  Some functions are actually named
|     something starting with __ and the normal name is an alias.  */
| #if defined __stub__strtoi64 || defined __stub____strtoi64
| choke me
| #endif
| 
| int
| main ()
| {
| return _strtoi64 ();
|   ;
|   return 0;
| }
configure:21262: result: no
configure:21547: creating ./config.status

## ---------------------- ##
## Running config.status. ##
## ---------------------- ##

This file was extended by PCRE config.status 7.4, which was
generated by GNU Autoconf 2.61.  Invocation command line was

  CONFIG_FILES    = 
  CONFIG_HEADERS  = 
  CONFIG_LINKS    = 
  CONFIG_COMMANDS = 
  $ ./config.status 

on frodo

config.status:689: creating Makefile
config.status:689: creating libpcre.pc
config.status:689: creating libpcrecpp.pc
config.status:689: creating pcre-config
config.status:689: creating pcre.h
config.status:689: creating pcre_stringpiece.h
config.status:689: creating pcrecpparg.h
config.status:689: creating config.h
config.status:983: executing depfiles commands
config.status:983: executing script-chmod commands
config.status:983: executing delete-old-chartables commands

## ---------------- ##
## Cache variables. ##
## ---------------- ##

ac_cv_build=i686-pc-linux-gnu
ac_cv_c_compiler_gnu=yes
ac_cv_c_const=yes
ac_cv_cxx_compiler_gnu=yes
ac_cv_env_CCC_set=
ac_cv_env_CCC_value=
ac_cv_env_CC_set=
ac_cv_env_CC_value=
ac_cv_env_CFLAGS_set=
ac_cv_env_CFLAGS_value=
ac_cv_env_CPPFLAGS_set=
ac_cv_env_CPPFLAGS_value=
ac_cv_env_CPP_set=
ac_cv_env_CPP_value=
ac_cv_env_CXXCPP_set=
ac_cv_env_CXXCPP_value=
ac_cv_env_CXXFLAGS_set=
ac_cv_env_CXXFLAGS_value=
ac_cv_env_CXX_set=
ac_cv_env_CXX_value=
ac_cv_env_F77_set=
ac_cv_env_F77_value=
ac_cv_env_FFLAGS_set=
ac_cv_env_FFLAGS_value=
ac_cv_env_LDFLAGS_set=
ac_cv_env_LDFLAGS_value=
ac_cv_env_LIBS_set=
ac_cv_env_LIBS_value=
ac_cv_env_build_alias_set=
ac_cv_env_build_alias_value=
ac_cv_env_host_alias_set=
ac_cv_env_host_alias_value=
ac_cv_env_target_alias_set=
ac_cv_env_target_alias_value=
ac_cv_f77_compiler_gnu=yes
ac_cv_func__strtoi64=no
ac_cv_func_bcopy=yes
ac_cv_func_memmove=yes
ac_cv_func_strerror=yes
ac_cv_func_strtoll=yes
ac_cv_func_strtoq=yes
ac_cv_header_bits_type_traits_h=yes
ac_cv_header_dirent_h=yes
ac_cv_header_dlfcn_h=yes
ac_cv_header_inttypes_h=yes
ac_cv_header_limits_h=yes
ac_cv_header_memory_h=yes
ac_cv_header_stdc=yes
ac_cv_header_stdint_h=yes
ac_cv_header_stdlib_h=yes
ac_cv_header_string=yes
ac_cv_header_string_h=yes
ac_cv_header_strings_h=yes
ac_cv_header_sys_stat_h=yes
ac_cv_header_sys_types_h=yes
ac_cv_header_type_traits_h=no
ac_cv_header_unistd_h=yes
ac_cv_header_windows_h=no
ac_cv_host=i686-pc-linux-gnu
ac_cv_objext=o
ac_cv_path_EGREP='/bin/grep -E'
ac_cv_path_GREP=/bin/grep
ac_cv_path_install='/usr/bin/install -c'
ac_cv_path_mkdir=/bin/mkdir
ac_cv_prog_AWK=gawk
ac_cv_prog_CPP='gcc -E'
ac_cv_prog_CXXCPP='g++ -E'
ac_cv_prog_ac_ct_AR=ar
ac_cv_prog_ac_ct_CC=gcc
ac_cv_prog_ac_ct_CXX=g++
ac_cv_prog_ac_ct_F77=g77
ac_cv_prog_ac_ct_RANLIB=ranlib
ac_cv_prog_ac_ct_STRIP=strip
ac_cv_prog_cc_c89=
ac_cv_prog_cc_g=yes
ac_cv_prog_cxx_g=yes
ac_cv_prog_f77_g=yes
ac_cv_prog_make_make_set=yes
ac_cv_type_long_long=yes
ac_cv_type_size_t=yes
ac_cv_type_unsigned_long_long=yes
am_cv_CC_dependencies_compiler_type=gcc3
am_cv_CXX_dependencies_compiler_type=gcc3
lt_cv_deplibs_check_method=pass_all
lt_cv_file_magic_cmd='$MAGIC_CMD'
lt_cv_file_magic_test_file=
lt_cv_ld_reload_flag=-r
lt_cv_objdir=.libs
lt_cv_path_LD=/usr/bin/ld
lt_cv_path_LDCXX=/usr/bin/ld
lt_cv_path_NM='/usr/bin/nm -B'
lt_cv_path_SED=/bin/sed
lt_cv_prog_compiler_c_o=yes
lt_cv_prog_compiler_c_o_CXX=yes
lt_cv_prog_compiler_c_o_F77=yes
lt_cv_prog_compiler_rtti_exceptions=yes
lt_cv_prog_gnu_ld=yes
lt_cv_prog_gnu_ldcxx=yes
lt_cv_sys_global_symbol_pipe='sed -n -e '\''s/^.*[ 	]\([ABCDGIRSTW][ABCDGIRSTW]*\)[ 	][ 	]*\([_A-Za-z][_A-Za-z0-9]*\)$/\1 \2 \2/p'\'''
lt_cv_sys_global_symbol_to_c_name_address='sed -n -e '\''s/^: \([^ ]*\) $/  {\"\1\", (lt_ptr) 0},/p'\'' -e '\''s/^[BCDEGRST] \([^ ]*\) \([^ ]*\)$/  {"\2", (lt_ptr) \&\2},/p'\'''
lt_cv_sys_global_symbol_to_cdecl='sed -n -e '\''s/^. .* \(.*\)$/extern int \1;/p'\'''
lt_cv_sys_max_cmd_len=32768
lt_lt_cv_prog_compiler_c_o='"yes"'
lt_lt_cv_prog_compiler_c_o_CXX='"yes"'
lt_lt_cv_prog_compiler_c_o_F77='"yes"'
lt_lt_cv_sys_global_symbol_pipe='"sed -n -e '\''s/^.*[ 	]\\([ABCDGIRSTW][ABCDGIRSTW]*\\)[ 	][ 	]*\\([_A-Za-z][_A-Za-z0-9]*\\)\$/\\1 \\2 \\2/p'\''"'
lt_lt_cv_sys_global_symbol_to_c_name_address='"sed -n -e '\''s/^: \\([^ ]*\\) \$/  {\\\"\\1\\\", (lt_ptr) 0},/p'\'' -e '\''s/^[BCDEGRST] \\([^ ]*\\) \\([^ ]*\\)\$/  {\"\\2\", (lt_ptr) \\&\\2},/p'\''"'
lt_lt_cv_sys_global_symbol_to_cdecl='"sed -n -e '\''s/^. .* \\(.*\\)\$/extern int \\1;/p'\''"'

## ----------------- ##
## Output variables. ##
## ----------------- ##

ACLOCAL='${SHELL} /users/mmoser/pce/pcre-7.4/missing --run aclocal-1.10'
AMDEPBACKSLASH='\'
AMDEP_FALSE='#'
AMDEP_TRUE=''
AMTAR='${SHELL} /users/mmoser/pce/pcre-7.4/missing --run tar'
AR='ar'
AS='as'
AUTOCONF='${SHELL} /users/mmoser/pce/pcre-7.4/missing --run autoconf'
AUTOHEADER='${SHELL} /users/mmoser/pce/pcre-7.4/missing --run autoheader'
AUTOMAKE='${SHELL} /users/mmoser/pce/pcre-7.4/missing --run automake-1.10'
AWK='gawk'
CC='gcc'
CCDEPMODE='depmode=gcc3'
CFLAGS='-O2'
CPP='gcc -E'
CPPFLAGS=''
CXX='g++'
CXXCPP='g++ -E'
CXXDEPMODE='depmode=gcc3'
CXXFLAGS='-O2'
CYGPATH_W='echo'
DEFS='-DHAVE_CONFIG_H'
DEPDIR='.deps'
DISTCHECK_CONFIGURE_FLAGS='--enable-cpp --enable-unicode-properties'
DLLTOOL='dlltool'
ECHO='echo'
ECHO_C=''
ECHO_N='-n'
ECHO_T=''
EGREP='/bin/grep -E'
EXEEXT=''
EXTRA_LIBPCRECPP_LDFLAGS='  -version-info 0:0:0'
EXTRA_LIBPCREPOSIX_LDFLAGS=' -version-info 0:0:0'
EXTRA_LIBPCRE_LDFLAGS=' -version-info 0:1:0'
F77='g77'
FFLAGS='-g -O2'
GREP='/bin/grep'
INSTALL_DATA='${INSTALL} -m 644'
INSTALL_PROGRAM='${INSTALL}'
INSTALL_SCRIPT='${INSTALL}'
INSTALL_STRIP_PROGRAM='$(install_sh) -c -s'
LDFLAGS=''
LIBOBJS=''
LIBS=''
LIBTOOL='$(SHELL) $(top_builddir)/libtool'
LN_S='ln -s'
LTLIBOBJS=''
MAKEINFO='${SHELL} /users/mmoser/pce/pcre-7.4/missing --run makeinfo'
OBJDUMP='objdump'
OBJEXT='o'
PACKAGE='pcre'
PACKAGE_BUGREPORT=''
PACKAGE_NAME='PCRE'
PACKAGE_STRING='PCRE 7.4'
PACKAGE_TARNAME='pcre'
PACKAGE_VERSION='7.4'
PATH_SEPARATOR=':'
PCRE_DATE='2007-09-21'
PCRE_MAJOR='7'
PCRE_MINOR='4'
PCRE_PRERELEASE=''
RANLIB='ranlib'
SED='/bin/sed'
SET_MAKE=''
SHELL='/bin/sh'
STRIP='strip'
VERSION='7.4'
WITH_PCRE_CPP_FALSE='#'
WITH_PCRE_CPP_TRUE=''
WITH_REBUILD_CHARTABLES_FALSE=''
WITH_REBUILD_CHARTABLES_TRUE='#'
ac_ct_CC='gcc'
ac_ct_CXX='g++'
ac_ct_F77='g77'
am__fastdepCC_FALSE='#'
am__fastdepCC_TRUE=''
am__fastdepCXX_FALSE='#'
am__fastdepCXX_TRUE=''
am__include='include'
am__isrc=''
am__leading_dot='.'
am__quote=''
am__tar='${AMTAR} chof - "$$tardir"'
am__untar='${AMTAR} xf -'
bindir='${exec_prefix}/bin'
build='i686-pc-linux-gnu'
build_alias=''
build_cpu='i686'
build_os='linux-gnu'
build_vendor='pc'
datadir='${datarootdir}'
datarootdir='${prefix}/share'
docdir='${datarootdir}/doc/${PACKAGE_TARNAME}'
dvidir='${docdir}'
exec_prefix='${prefix}'
host='i686-pc-linux-gnu'
host_alias=''
host_cpu='i686'
host_os='linux-gnu'
host_vendor='pc'
htmldir='${docdir}/html'
includedir='${prefix}/include'
infodir='${datarootdir}/info'
install_sh='$(SHELL) /users/mmoser/pce/pcre-7.4/install-sh'
libdir='${exec_prefix}/lib'
libexecdir='${exec_prefix}/libexec'
localedir='${datarootdir}/locale'
localstatedir='${prefix}/var'
mandir='${datarootdir}/man'
mkdir_p='/bin/mkdir -p'
oldincludedir='/usr/include'
pcre_have_bits_type_traits='1'
pcre_have_long_long='1'
pcre_have_type_traits='0'
pcre_have_ulong_long='1'
pdfdir='${docdir}'
prefix='/usr/local'
program_transform_name='s,x,x,'
psdir='${docdir}'
sbindir='${exec_prefix}/sbin'
sharedstatedir='${prefix}/com'
sysconfdir='${prefix}/etc'
target_alias=''

## ----------- ##
## confdefs.h. ##
## ----------- ##

#define PACKAGE_NAME "PCRE"
#define PACKAGE_TARNAME "pcre"
#define PACKAGE_VERSION "7.4"
#define PACKAGE_STRING "PCRE 7.4"
#define PACKAGE_BUGREPORT ""
#define PACKAGE "pcre"
#define VERSION "7.4"
#define STDC_HEADERS 1
#define HAVE_SYS_TYPES_H 1
#define HAVE_SYS_STAT_H 1
#define HAVE_STDLIB_H 1
#define HAVE_STRING_H 1
#define HAVE_MEMORY_H 1
#define HAVE_STRINGS_H 1
#define HAVE_INTTYPES_H 1
#define HAVE_STDINT_H 1
#define HAVE_UNISTD_H 1
#define HAVE_DLFCN_H 1
#define STDC_HEADERS 1
#define HAVE_LIMITS_H 1
#define HAVE_SYS_TYPES_H 1
#define HAVE_SYS_STAT_H 1
#define HAVE_DIRENT_H 1
#define HAVE_STRING 1
#define HAVE_BITS_TYPE_TRAITS_H 1
#define HAVE_LONG_LONG 1
#define HAVE_UNSIGNED_LONG_LONG 1
#define HAVE_BCOPY 1
#define HAVE_MEMMOVE 1
#define HAVE_STRERROR 1
#define HAVE_STRTOQ 1
#define HAVE_STRTOLL 1
#define NEWLINE 10
#define LINK_SIZE 2
#define POSIX_MALLOC_THRESHOLD 10
#define MATCH_LIMIT 10000000
#define MATCH_LIMIT_RECURSION MATCH_LIMIT
#define MAX_NAME_SIZE 32
#define MAX_NAME_COUNT 10000

configure: exit 0
